app/build/intermediates/manifest_merge_blame_file/debug/manifest-merger-blame-debug-report.txt
1<?xml version="1.0" encoding="utf-8"?>
2<manifest xmlns:android="http://schemas.android.com/apk/res/android"
3    package="com.visitegypt"
4    android:versionCode="1"
5    android:versionName="1.0" >
6
7    <uses-sdk
8        android:minSdkVersion="24"
8-->src\main\AndroidManifest.xml
9        android:targetSdkVersion="29" />
9-->src\main\AndroidManifest.xml
10
11    <uses-permission android:name="android.permission.INTERNET" />
11-->src\main\AndroidManifest.xml:6:5-67
11-->src\main\AndroidManifest.xml:6:22-64
12    <uses-permission android:name="android.permission.READ_EXTERNAL_STORAGE" />
12-->src\main\AndroidManifest.xml:7:5-80
12-->src\main\AndroidManifest.xml:7:22-77
13    <uses-permission android:name="android.permission.ACCESS_NETWORK_STATE" />
13-->src\main\AndroidManifest.xml:8:5-79
13-->src\main\AndroidManifest.xml:8:22-76
14
15    <uses-feature android:glEsVersion="0x00020000" />
15-->[:unityLibrary] AndroidManifest.xml:11:5-54
15-->[:unityLibrary] AndroidManifest.xml:11:19-51
16
17    <uses-permission android:name="android.permission.CHANGE_WIFI_MULTICAST_STATE" />
17-->[:unityLibrary] AndroidManifest.xml:14:5-86
17-->[:unityLibrary] AndroidManifest.xml:14:22-83
18    <uses-permission android:name="android.permission.CAMERA" />
18-->[:unityLibrary] AndroidManifest.xml:15:5-65
18-->[:unityLibrary] AndroidManifest.xml:15:22-62
19
20    <uses-feature
20-->[:unityLibrary] AndroidManifest.xml:17:5-19:36
21        android:name="android.hardware.camera"
21-->[:unityLibrary] AndroidManifest.xml:18:9-47
22        android:required="true" />
22-->[:unityLibrary] AndroidManifest.xml:19:9-33
23    <uses-feature
23-->[:unityLibrary] AndroidManifest.xml:20:5-22:36
24        android:name="android.hardware.camera.autofocus"
24-->[:unityLibrary] AndroidManifest.xml:21:9-57
25        android:required="false" />
25-->[:unityLibrary] AndroidManifest.xml:22:9-33
26    <uses-feature
26-->[:unityLibrary] AndroidManifest.xml:23:5-25:36
27        android:name="android.hardware.camera.front"
27-->[:unityLibrary] AndroidManifest.xml:24:9-53
28        android:required="false" />
28-->[:unityLibrary] AndroidManifest.xml:25:9-33
29    <uses-feature
29-->[:unityLibrary] AndroidManifest.xml:26:5-28:36
30        android:name="android.hardware.touchscreen"
30-->[:unityLibrary] AndroidManifest.xml:27:9-52
31        android:required="false" />
31-->[:unityLibrary] AndroidManifest.xml:28:9-33
32    <uses-feature
32-->[:unityLibrary] AndroidManifest.xml:29:5-31:36
33        android:name="android.hardware.touchscreen.multitouch"
33-->[:unityLibrary] AndroidManifest.xml:30:9-63
34        android:required="false" />
34-->[:unityLibrary] AndroidManifest.xml:31:9-33
35    <uses-feature
35-->[:unityLibrary] AndroidManifest.xml:32:5-34:36
36        android:name="android.hardware.touchscreen.multitouch.distinct"
36-->[:unityLibrary] AndroidManifest.xml:33:9-72
37        android:required="false" />
37-->[:unityLibrary] AndroidManifest.xml:34:9-33
38
39    <uses-permission android:name="android.permission.WRITE_EXTERNAL_STORAGE" />
39-->[:VuforiaWrapper:] AndroidManifest.xml:12:5-81
39-->[:VuforiaWrapper:] AndroidManifest.xml:12:22-78
40    <uses-permission android:name="android.permission.READ_PHONE_STATE" />
41
42    <application
42-->src\main\AndroidManifest.xml:11:5-58:19
43        android:name="com.visitegypt.MainApplication"
43-->src\main\AndroidManifest.xml:12:9-40
44        android:allowBackup="true"
44-->src\main\AndroidManifest.xml:13:9-35
45        android:appComponentFactory="androidx.core.app.CoreComponentFactory"
45-->[androidx.core:core:1.5.0] AndroidManifest.xml:24:18-86
46        android:debuggable="true"
47        android:extractNativeLibs="false"
48        android:icon="@mipmap/ic_launcher"
48-->src\main\AndroidManifest.xml:14:9-43
49        android:label="@string/app_name"
49-->src\main\AndroidManifest.xml:15:9-41
50        android:roundIcon="@mipmap/ic_launcher_round"
50-->src\main\AndroidManifest.xml:16:9-54
51        android:supportsRtl="true"
51-->src\main\AndroidManifest.xml:17:9-35
52        android:testOnly="true"
53        android:theme="@style/Theme.VisitEgypt" >
53-->src\main\AndroidManifest.xml:18:9-48
54        <activity
54-->src\main\AndroidManifest.xml:23:9-26:20
55            android:name="com.visitegypt.presentation.signup.SignUpActivity"
55-->src\main\AndroidManifest.xml:24:13-63
56            android:exported="true" >
56-->src\main\AndroidManifest.xml:25:13-36
57        </activity>
58        <activity
58-->src\main\AndroidManifest.xml:27:9-31:20
59            android:name="com.visitegypt.presentation.detailplace.DetailActivity"
59-->src\main\AndroidManifest.xml:28:13-68
60            android:exported="true" >
60-->src\main\AndroidManifest.xml:29:13-36
61        </activity>
62        <activity
62-->src\main\AndroidManifest.xml:32:9-36:20
63            android:name="com.visitegypt.presentation.splash.SplashActivity"
63-->src\main\AndroidManifest.xml:33:13-63
64            android:exported="true" >
64-->src\main\AndroidManifest.xml:34:13-36
65        </activity>
66        <activity
66-->src\main\AndroidManifest.xml:37:9-41:20
67            android:name="com.visitegypt.presentation.chatbot.ChatbotActivity"
67-->src\main\AndroidManifest.xml:38:13-65
68            android:exported="true" >
68-->src\main\AndroidManifest.xml:39:13-36
69        </activity>
70        <activity
70-->src\main\AndroidManifest.xml:42:9-47:20
71            android:name="com.visitegypt.presentation.home.HomeActivity"
71-->src\main\AndroidManifest.xml:43:13-59
72            android:exported="true" >
72-->src\main\AndroidManifest.xml:44:13-36
73        </activity>
74        <activity
74-->src\main\AndroidManifest.xml:49:9-57:20
75            android:name="com.visitegypt.presentation.signin.SignInActivity"
75-->src\main\AndroidManifest.xml:50:13-63
76            android:exported="true" >
76-->src\main\AndroidManifest.xml:51:13-36
77            <intent-filter>
77-->src\main\AndroidManifest.xml:52:13-55:29
78                <action android:name="android.intent.action.MAIN" />
78-->src\main\AndroidManifest.xml:53:17-69
78-->src\main\AndroidManifest.xml:53:25-66
79
80                <category android:name="android.intent.category.LAUNCHER" />
80-->src\main\AndroidManifest.xml:54:17-77
80-->src\main\AndroidManifest.xml:54:27-74
81            </intent-filter>
82        </activity>
83        <activity
83-->[:unityLibrary] AndroidManifest.xml:37:9-53:20
84            android:name="com.unity3d.player.UnityPlayerActivity"
84-->[:unityLibrary] AndroidManifest.xml:38:13-66
85            android:configChanges="mcc|mnc|locale|touchscreen|keyboard|keyboardHidden|navigation|orientation|screenLayout|uiMode|screenSize|smallestScreenSize|fontScale|layoutDirection|density"
85-->[:unityLibrary] AndroidManifest.xml:39:13-194
86            android:hardwareAccelerated="false"
86-->[:unityLibrary] AndroidManifest.xml:40:13-48
87            android:launchMode="singleTask"
87-->[:unityLibrary] AndroidManifest.xml:41:13-44
88            android:screenOrientation="fullSensor"
88-->[:unityLibrary] AndroidManifest.xml:42:13-51
89            android:theme="@style/UnityThemeSelector" >
89-->[:unityLibrary] AndroidManifest.xml:43:13-54
90            <intent-filter>
90-->src\main\AndroidManifest.xml:52:13-55:29
91                <action android:name="android.intent.action.MAIN" />
91-->src\main\AndroidManifest.xml:53:17-69
91-->src\main\AndroidManifest.xml:53:25-66
92
93                <category android:name="android.intent.category.LAUNCHER" />
93-->src\main\AndroidManifest.xml:54:17-77
93-->src\main\AndroidManifest.xml:54:27-74
94            </intent-filter>
95
96            <meta-data
96-->[:unityLibrary] AndroidManifest.xml:50:13-52:40
97                android:name="unityplayer.UnityActivity"
97-->[:unityLibrary] AndroidManifest.xml:51:17-57
98                android:value="true" />
98-->[:unityLibrary] AndroidManifest.xml:52:17-37
99        </activity>
100
101        <meta-data
101-->[:unityLibrary] AndroidManifest.xml:55:9-57:33
102            android:name="unity.splash-mode"
102-->[:unityLibrary] AndroidManifest.xml:56:13-45
103            android:value="0" />
103-->[:unityLibrary] AndroidManifest.xml:57:13-30
104        <meta-data
104-->[:unityLibrary] AndroidManifest.xml:58:9-60:36
105            android:name="unity.splash-enable"
105-->[:unityLibrary] AndroidManifest.xml:59:13-47
106            android:value="True" />
106-->[:unityLibrary] AndroidManifest.xml:60:13-33
107        <meta-data
107-->[:unityLibrary] AndroidManifest.xml:61:9-63:68
108            android:name="unity.build-id"
108-->[:unityLibrary] AndroidManifest.xml:62:13-42
109            android:value="34b35935-0a7e-42d8-a98c-bd202d8f347c" />
109-->[:unityLibrary] AndroidManifest.xml:63:13-65
110
111        <service
111-->[androidx.room:room-runtime:2.3.0] AndroidManifest.xml:25:9-28:40
112            android:name="androidx.room.MultiInstanceInvalidationService"
112-->[androidx.room:room-runtime:2.3.0] AndroidManifest.xml:26:13-74
113            android:directBootAware="true"
113-->[androidx.room:room-runtime:2.3.0] AndroidManifest.xml:27:13-43
114            android:exported="false" />
114-->[androidx.room:room-runtime:2.3.0] AndroidManifest.xml:28:13-37
115
116        <provider
116-->[com.squareup.picasso:picasso:2.71828] AndroidManifest.xml:8:9-11:40
117            android:name="com.squareup.picasso.PicassoProvider"
117-->[com.squareup.picasso:picasso:2.71828] AndroidManifest.xml:9:13-64
118            android:authorities="com.visitegypt.com.squareup.picasso"
118-->[com.squareup.picasso:picasso:2.71828] AndroidManifest.xml:10:13-72
119            android:exported="false" />
119-->[com.squareup.picasso:picasso:2.71828] AndroidManifest.xml:11:13-37
120        <provider
120-->[androidx.lifecycle:lifecycle-process:2.2.0] AndroidManifest.xml:25:9-29:43
121            android:name="androidx.lifecycle.ProcessLifecycleOwnerInitializer"
121-->[androidx.lifecycle:lifecycle-process:2.2.0] AndroidManifest.xml:26:13-79
122            android:authorities="com.visitegypt.lifecycle-process"
122-->[androidx.lifecycle:lifecycle-process:2.2.0] AndroidManifest.xml:27:13-69
123            android:exported="false"
123-->[androidx.lifecycle:lifecycle-process:2.2.0] AndroidManifest.xml:28:13-37
124            android:multiprocess="true" />
124-->[androidx.lifecycle:lifecycle-process:2.2.0] AndroidManifest.xml:29:13-40
125
126        <activity
126-->[:UnityAds:] AndroidManifest.xml:15:9-19:74
127            android:name="com.unity3d.services.ads.adunit.AdUnitActivity"
127-->[:UnityAds:] AndroidManifest.xml:16:13-74
128            android:configChanges="fontScale|keyboard|keyboardHidden|locale|mnc|mcc|navigation|orientation|screenLayout|screenSize|smallestScreenSize|uiMode|touchscreen"
128-->[:UnityAds:] AndroidManifest.xml:17:13-170
129            android:hardwareAccelerated="true"
129-->[:UnityAds:] AndroidManifest.xml:18:13-47
130            android:theme="@android:style/Theme.NoTitleBar.Fullscreen" />
130-->[:UnityAds:] AndroidManifest.xml:19:13-71
131        <activity
131-->[:UnityAds:] AndroidManifest.xml:20:9-24:86
132            android:name="com.unity3d.services.ads.adunit.AdUnitTransparentActivity"
132-->[:UnityAds:] AndroidManifest.xml:21:13-85
133            android:configChanges="fontScale|keyboard|keyboardHidden|locale|mnc|mcc|navigation|orientation|screenLayout|screenSize|smallestScreenSize|uiMode|touchscreen"
133-->[:UnityAds:] AndroidManifest.xml:22:13-170
134            android:hardwareAccelerated="true"
134-->[:UnityAds:] AndroidManifest.xml:23:13-47
135            android:theme="@android:style/Theme.Translucent.NoTitleBar.Fullscreen" />
135-->[:UnityAds:] AndroidManifest.xml:24:13-83
136        <activity
136-->[:UnityAds:] AndroidManifest.xml:25:9-29:86
137            android:name="com.unity3d.services.ads.adunit.AdUnitTransparentSoftwareActivity"
137-->[:UnityAds:] AndroidManifest.xml:26:13-93
138            android:configChanges="fontScale|keyboard|keyboardHidden|locale|mnc|mcc|navigation|orientation|screenLayout|screenSize|smallestScreenSize|uiMode|touchscreen"
138-->[:UnityAds:] AndroidManifest.xml:27:13-170
139            android:hardwareAccelerated="false"
139-->[:UnityAds:] AndroidManifest.xml:28:13-48
140            android:theme="@android:style/Theme.Translucent.NoTitleBar.Fullscreen" />
140-->[:UnityAds:] AndroidManifest.xml:29:13-83
141        <activity
141-->[:UnityAds:] AndroidManifest.xml:30:9-34:74
142            android:name="com.unity3d.services.ads.adunit.AdUnitSoftwareActivity"
142-->[:UnityAds:] AndroidManifest.xml:31:13-82
143            android:configChanges="fontScale|keyboard|keyboardHidden|locale|mnc|mcc|navigation|orientation|screenLayout|screenSize|smallestScreenSize|uiMode|touchscreen"
143-->[:UnityAds:] AndroidManifest.xml:32:13-170
144            android:hardwareAccelerated="false"
144-->[:UnityAds:] AndroidManifest.xml:33:13-48
145            android:theme="@android:style/Theme.NoTitleBar.Fullscreen" />
145-->[:UnityAds:] AndroidManifest.xml:34:13-71
146    </application>
147
148</manifest>